GET-----/users/backend/info?id=1-----token校验失败,没有权限----2024年6月11日星期二下午3点12分
POST-----/users/backend/login-----参数password格式错误----2024年6月11日星期二下午3点12分
GET-----/users/backend/info?id=1-----未登录,请重新登录----2024年6月11日星期二下午3点13分
POST-----/users/backend/login-----参数password格式错误----2024年6月11日星期二下午3点55分
POST-----/users/backend/login-----参数password格式错误----2024年6月11日星期二下午3点56分
GET-----/users/backend/list?id=1-----token校验失败,没有权限----2024年6月11日星期二下午5点08分
GET-----/users/backend/list?id=1-----token校验失败,没有权限----2024年6月11日星期二下午5点09分
GET-----/users/backend/list?id=1-----token校验失败,没有权限----2024年6月11日星期二下午5点09分
GET-----/users/backend/list?id=1-----token校验失败,没有权限----2024年6月11日星期二下午5点09分
GET-----/users/backend/list?id=1-----token校验失败,没有权限----2024年6月11日星期二下午5点09分
GET-----/users/backend/list?id=1-----token校验失败,没有权限----2024年6月11日星期二下午5点10分
POST-----/users/backend/del-----未登录,请重新登录----2024年6月11日星期二下午5点46分
GET-----/users/backend/list?id=1-----未登录,请重新登录----2024年6月11日星期二下午5点53分
POST-----/carousel/backend/remove-----token校验失败,没有权限----2024年6月11日星期二晚上6点27分
POST-----/carousel/backend/remove-----token校验失败,没有权限----2024年6月11日星期二晚上6点28分
POST-----/carousel/backend/remove-----token校验失败,没有权限----2024年6月11日星期二晚上6点29分
GET-----/users/info?id=1-----token校验失败----2024年6月12日星期三上午10点42分
GET-----/users/info?id=1-----token校验失败----2024年6月12日星期三上午10点42分
GET-----/users/backend/info?id=1-----token校验失败,没有权限----2024年6月12日星期三中午11点34分
GET-----/users/logout?id=1717484814115412e1a-----未登录,请重新登录----2024年6月12日星期三中午12点22分
POST-----/users/backend/login-----参数username格式错误----2024年6月15日星期六晚上8点54分
POST-----/users/backend/login-----参数password格式错误----2024年6月15日星期六晚上8点55分
POST-----/users/backend/login-----参数password格式错误----2024年6月15日星期六晚上8点57分
POST-----/users/backend/login-----参数password格式错误----2024年6月15日星期六晚上8点58分
POST-----/users/backend/login-----参数username格式错误----2024年6月15日星期六晚上9点01分
POST-----/users/backend/login-----参数password格式错误----2024年6月15日星期六晚上9点01分
POST-----/users/backend/login-----参数username格式错误----2024年6月15日星期六晚上9点26分
POST-----/users/backend/login-----参数password格式错误----2024年6月16日星期日中午11点36分
GET-----/users/backend/logout-----参数id必须传递----2024年6月16日星期日下午12点53分
GET-----/users/backend/logout?id=1-----请求的token必须传递----2024年6月16日星期日下午12点54分
GET-----/users/backend/logout?id=1&token=eyJhbGciOiJIUzI1NiIsInR5cCI6IkpXVCJ9.eyJ1aWQiOnsiaWQiOjEsInJvbGUiOiJhZG1pbiJ9LCJpYXQiOjE3MTg1MTM3MDgsImV4cCI6MTcxODUxNzMwOH0.qWjZCwdb1QTJSL3wrqOcqmGiS_4D6wJz5fxJ78oodlA-----请求的token必须传递----2024年6月16日星期日下午12点55分
GET-----/users/backend/logout-----参数id必须传递----2024年6月16日星期日下午12点55分
GET-----/users/backend/logout-----参数id必须传递----2024年6月16日星期日下午12点56分
GET-----/users/backend/list?id=-----未登录,请重新登录----2024年6月16日星期日下午1点19分
GET-----/users/backend/logout?id=-----参数id必须传递----2024年6月16日星期日下午1点19分
GET-----/users/backend/list?id=-----未登录,请重新登录----2024年6月16日星期日下午2点47分
GET-----/users/backend/list?id=-----未登录,请重新登录----2024年6月16日星期日下午2点47分
GET-----/users/backend/list?id=-----未登录,请重新登录----2024年6月16日星期日下午2点47分
GET-----/users/backend/list?id=-----未登录,请重新登录----2024年6月16日星期日下午2点47分
GET-----/users/backend/logout?id=-----参数id必须传递----2024年6月16日星期日下午2点47分
GET-----/users/backend/list?id=-----未登录,请重新登录----2024年6月16日星期日下午2点53分
GET-----/users/backend/list?id=-----未登录,请重新登录----2024年6月16日星期日下午2点53分
GET-----/users/backend/list?id=-----未登录,请重新登录----2024年6月16日星期日下午2点56分
GET-----/users/backend/list?id=-----未登录,请重新登录----2024年6月16日星期日下午2点56分
GET-----/users/backend/list?id=-----未登录,请重新登录----2024年6月16日星期日下午2点56分
GET-----/users/backend/list?id=-----未登录,请重新登录----2024年6月16日星期日下午2点56分
GET-----/users/backend/list?id=-----未登录,请重新登录----2024年6月16日星期日下午2点56分
GET-----/users/backend/list?id=-----未登录,请重新登录----2024年6月16日星期日下午2点56分
GET-----/users/backend/list?id=-----未登录,请重新登录----2024年6月16日星期日下午2点56分
GET-----/users/backend/list?id=-----未登录,请重新登录----2024年6月16日星期日下午2点56分
GET-----/users/backend/list?id=-----未登录,请重新登录----2024年6月16日星期日下午2点56分
GET-----/users/backend/list?id=-----未登录,请重新登录----2024年6月16日星期日下午2点56分
GET-----/users/backend/list?id=-----未登录,请重新登录----2024年6月16日星期日下午2点57分
GET-----/users/backend/list?id=-----未登录,请重新登录----2024年6月16日星期日下午2点57分
GET-----/users/backend/list?id=-----未登录,请重新登录----2024年6月16日星期日下午2点57分
GET-----/users/backend/list?id=-----未登录,请重新登录----2024年6月16日星期日下午2点57分
GET-----/users/backend/list?id=-----未登录,请重新登录----2024年6月16日星期日下午2点57分
GET-----/users/backend/list?id=-----未登录,请重新登录----2024年6月16日星期日下午2点57分
GET-----/users/backend/list?id=-----未登录,请重新登录----2024年6月16日星期日下午2点58分
GET-----/users/backend/list?id=-----未登录,请重新登录----2024年6月16日星期日下午2点58分
GET-----/users/backend/list?id=-----未登录,请重新登录----2024年6月16日星期日下午2点58分
GET-----/users/backend/list?id=-----未登录,请重新登录----2024年6月16日星期日下午2点58分
GET-----/users/backend/list?id=-----未登录,请重新登录----2024年6月16日星期日下午2点58分
GET-----/users/backend/list?id=-----未登录,请重新登录----2024年6月16日星期日下午2点58分
GET-----/users/backend/list?id=-----未登录,请重新登录----2024年6月16日星期日下午2点58分
GET-----/users/backend/list?id=-----未登录,请重新登录----2024年6月16日星期日下午2点58分
GET-----/users/backend/list?id=-----未登录,请重新登录----2024年6月16日星期日下午2点58分
GET-----/users/backend/list?id=-----未登录,请重新登录----2024年6月16日星期日下午2点58分
GET-----/users/backend/list?id=-----未登录,请重新登录----2024年6月16日星期日下午3点00分
GET-----/users/backend/list?id=-----未登录,请重新登录----2024年6月16日星期日下午3点00分
GET-----/users/backend/list?id=-----未登录,请重新登录----2024年6月16日星期日下午3点00分
GET-----/users/backend/list?id=-----未登录,请重新登录----2024年6月16日星期日下午3点00分
GET-----/users/backend/list?id=-----未登录,请重新登录----2024年6月16日星期日下午3点01分
GET-----/users/backend/list?id=-----未登录,请重新登录----2024年6月16日星期日下午3点02分
GET-----/users/backend/list?id=-----未登录,请重新登录----2024年6月16日星期日下午3点02分
GET-----/users/backend/list?id=-----未登录,请重新登录----2024年6月16日星期日下午3点02分
GET-----/users/info?id=1-----token校验失败----2024年6月16日星期日下午3点03分
GET-----/users/backend/list?id=-----未登录,请重新登录----2024年6月16日星期日下午3点03分
GET-----/users/backend/list?id=-----未登录,请重新登录----2024年6月16日星期日下午3点04分
GET-----/users/backend/list?id=-----未登录,请重新登录----2024年6月16日星期日下午3点04分
GET-----/users/backend/list?id=-----未登录,请重新登录----2024年6月16日星期日下午3点04分
GET-----/users/backend/list?id=-----未登录,请重新登录----2024年6月16日星期日下午3点04分
GET-----/users/backend/list?id=-----未登录,请重新登录----2024年6月16日星期日下午3点04分
GET-----/users/backend/list?id=-----未登录,请重新登录----2024年6月16日星期日下午3点04分
GET-----/users/backend/list?id=-----未登录,请重新登录----2024年6月16日星期日下午3点04分
GET-----/users/backend/list?id=-----未登录,请重新登录----2024年6月16日星期日下午3点04分
GET-----/users/backend/list?id=-----未登录,请重新登录----2024年6月16日星期日下午3点04分
GET-----/users/backend/list?id=-----未登录,请重新登录----2024年6月16日星期日下午3点04分
GET-----/users/backend/list?id=-----未登录,请重新登录----2024年6月16日星期日下午3点10分
GET-----/users/backend/list?id=-----未登录,请重新登录----2024年6月16日星期日下午3点10分
GET-----/users/backend/list?id=-----未登录,请重新登录----2024年6月16日星期日下午3点10分
GET-----/users/backend/list?id=-----未登录,请重新登录----2024年6月16日星期日下午3点10分
GET-----/users/backend/list?id=-----未登录,请重新登录----2024年6月16日星期日下午3点11分
GET-----/users/backend/list?id=-----未登录,请重新登录----2024年6月16日星期日下午3点12分
GET-----/users/backend/list?id=-----未登录,请重新登录----2024年6月16日星期日下午3点12分
GET-----/users/backend/list?id=-----未登录,请重新登录----2024年6月16日星期日下午3点13分
GET-----/users/backend/list?id=-----未登录,请重新登录----2024年6月16日星期日下午3点13分
GET-----/users/backend/list?id=-----未登录,请重新登录----2024年6月16日星期日下午3点13分
GET-----/users/backend/list?id=-----未登录,请重新登录----2024年6月16日星期日下午3点13分
GET-----/users/backend/list?id=-----未登录,请重新登录----2024年6月16日星期日下午3点13分
GET-----/users/backend/list?id=-----未登录,请重新登录----2024年6月16日星期日下午3点13分
GET-----/users/backend/list?id=-----未登录,请重新登录----2024年6月16日星期日下午3点13分
GET-----/users/backend/list?id=-----未登录,请重新登录----2024年6月16日星期日下午3点13分
GET-----/users/backend/list?id=-----未登录,请重新登录----2024年6月16日星期日下午3点13分
GET-----/users/backend/list?id=-----未登录,请重新登录----2024年6月16日星期日下午3点13分
GET-----/users/backend/list?id=-----未登录,请重新登录----2024年6月16日星期日下午3点13分
GET-----/users/backend/list?id=-----未登录,请重新登录----2024年6月16日星期日下午3点13分
GET-----/users/backend/list?id=-----未登录,请重新登录----2024年6月16日星期日下午3点13分
GET-----/users/backend/list?id=-----未登录,请重新登录----2024年6月16日星期日下午3点13分
GET-----/users/backend/list?id=-----未登录,请重新登录----2024年6月16日星期日下午3点13分
GET-----/users/backend/list?id=-----未登录,请重新登录----2024年6月16日星期日下午3点14分
GET-----/users/backend/list?id=-----未登录,请重新登录----2024年6月16日星期日下午3点14分
GET-----/users/backend/list?id=-----未登录,请重新登录----2024年6月16日星期日下午3点14分
GET-----/users/backend/list?id=-----未登录,请重新登录----2024年6月16日星期日下午3点15分
GET-----/users/backend/list?id=-----未登录,请重新登录----2024年6月16日星期日下午3点15分
GET-----/users/backend/list?id=-----未登录,请重新登录----2024年6月16日星期日下午3点15分
GET-----/users/backend/list?id=-----未登录,请重新登录----2024年6月16日星期日下午3点15分
GET-----/users/backend/list?id=-----未登录,请重新登录----2024年6月16日星期日下午3点15分
GET-----/users/backend/list?id=-----未登录,请重新登录----2024年6月16日星期日下午3点15分
GET-----/users/backend/list?id=-----未登录,请重新登录----2024年6月16日星期日下午3点16分
GET-----/users/backend/list?id=-----未登录,请重新登录----2024年6月16日星期日下午3点16分
GET-----/users/backend/list?id=-----未登录,请重新登录----2024年6月16日星期日下午3点16分
GET-----/users/backend/list?id=-----未登录,请重新登录----2024年6月16日星期日下午3点16分
GET-----/users/backend/list?id=-----未登录,请重新登录----2024年6月16日星期日下午3点18分
GET-----/users/backend/list?id=-----未登录,请重新登录----2024年6月16日星期日下午3点18分
GET-----/users/backend/list?id=-----未登录,请重新登录----2024年6月16日星期日下午3点18分
GET-----/users/backend/list?id=-----未登录,请重新登录----2024年6月16日星期日下午3点18分
GET-----/users/backend/list?id=-----未登录,请重新登录----2024年6月16日星期日下午3点18分
GET-----/users/backend/list?id=-----未登录,请重新登录----2024年6月16日星期日下午3点18分
GET-----/users/backend/list?id=-----未登录,请重新登录----2024年6月16日星期日下午3点18分
GET-----/users/backend/list?id=-----未登录,请重新登录----2024年6月16日星期日下午3点19分
GET-----/users/backend/list?id=-----未登录,请重新登录----2024年6月16日星期日下午3点19分
GET-----/users/backend/list?id=-----未登录,请重新登录----2024年6月16日星期日下午3点19分
GET-----/users/backend/list?id=-----未登录,请重新登录----2024年6月16日星期日下午3点19分
GET-----/users/backend/list?id=-----未登录,请重新登录----2024年6月16日星期日下午3点19分
GET-----/users/backend/list?id=-----未登录,请重新登录----2024年6月16日星期日下午3点19分
GET-----/users/backend/list?id=-----未登录,请重新登录----2024年6月16日星期日下午3点19分
GET-----/users/backend/list?id=-----未登录,请重新登录----2024年6月16日星期日下午3点19分
GET-----/users/backend/list?id=-----未登录,请重新登录----2024年6月16日星期日下午3点19分
GET-----/users/backend/list?id=-----未登录,请重新登录----2024年6月16日星期日下午3点20分
GET-----/users/backend/list?id=-----未登录,请重新登录----2024年6月16日星期日下午3点20分
GET-----/users/backend/list?id=-----未登录,请重新登录----2024年6月16日星期日下午3点21分
GET-----/users/backend/list?id=-----未登录,请重新登录----2024年6月16日星期日下午3点21分
GET-----/users/backend/list?id=-----未登录,请重新登录----2024年6月16日星期日下午3点21分
GET-----/users/backend/list?id=-----未登录,请重新登录----2024年6月16日星期日下午3点21分
GET-----/users/backend/list?id=-----未登录,请重新登录----2024年6月16日星期日下午3点21分
GET-----/users/backend/list?id=-----未登录,请重新登录----2024年6月16日星期日下午3点22分
GET-----/users/backend/list?id=-----未登录,请重新登录----2024年6月16日星期日下午3点24分
GET-----/users/backend/list?id=-----未登录,请重新登录----2024年6月16日星期日下午3点24分
GET-----/users/backend/list?id=-----未登录,请重新登录----2024年6月16日星期日下午3点24分
GET-----/users/backend/list?id=-----未登录,请重新登录----2024年6月16日星期日下午3点24分
GET-----/users/backend/list?id=-----未登录,请重新登录----2024年6月16日星期日下午3点24分
GET-----/users/backend/list?id=-----未登录,请重新登录----2024年6月16日星期日下午3点24分
GET-----/users/backend/list?id=-----未登录,请重新登录----2024年6月16日星期日下午3点24分
GET-----/users/backend/list?id=-----未登录,请重新登录----2024年6月16日星期日下午3点24分
GET-----/users/backend/list?id=-----未登录,请重新登录----2024年6月16日星期日下午3点24分
GET-----/users/backend/list?id=-----未登录,请重新登录----2024年6月16日星期日下午3点25分
GET-----/users/backend/list?id=-----未登录,请重新登录----2024年6月16日星期日下午3点25分
GET-----/users/backend/list?id=-----未登录,请重新登录----2024年6月16日星期日下午3点25分
GET-----/users/backend/list?id=-----未登录,请重新登录----2024年6月16日星期日下午3点25分
GET-----/users/backend/list?id=-----未登录,请重新登录----2024年6月16日星期日下午3点25分
GET-----/users/backend/list?id=-----未登录,请重新登录----2024年6月16日星期日下午3点25分
GET-----/users/backend/list?id=-----未登录,请重新登录----2024年6月16日星期日下午3点25分
GET-----/users/backend/list?id=-----未登录,请重新登录----2024年6月16日星期日下午3点25分
GET-----/users/backend/list?id=-----未登录,请重新登录----2024年6月16日星期日下午3点25分
GET-----/users/backend/list?id=-----未登录,请重新登录----2024年6月16日星期日下午3点25分
GET-----/users/backend/list?id=-----未登录,请重新登录----2024年6月16日星期日下午3点26分
GET-----/users/backend/list?id=-----未登录,请重新登录----2024年6月16日星期日下午3点26分
GET-----/users/backend/list?id=-----未登录,请重新登录----2024年6月16日星期日下午3点26分
GET-----/users/backend/list?id=-----未登录,请重新登录----2024年6月16日星期日下午3点26分
GET-----/users/backend/list?id=-----未登录,请重新登录----2024年6月16日星期日下午3点26分
GET-----/users/backend/list?id=-----未登录,请重新登录----2024年6月16日星期日下午3点26分
GET-----/users/backend/list?id=-----未登录,请重新登录----2024年6月16日星期日下午3点27分
GET-----/users/backend/list?id=-----未登录,请重新登录----2024年6月16日星期日下午3点27分
GET-----/users/backend/list?id=-----未登录,请重新登录----2024年6月16日星期日下午3点27分
GET-----/users/backend/list?id=-----未登录,请重新登录----2024年6月16日星期日下午3点27分
GET-----/users/backend/list?id=-----未登录,请重新登录----2024年6月16日星期日下午3点27分
GET-----/users/backend/list?id=-----未登录,请重新登录----2024年6月16日星期日下午3点27分
GET-----/users/backend/list?id=-----未登录,请重新登录----2024年6月16日星期日下午3点27分
GET-----/users/backend/list?id=-----未登录,请重新登录----2024年6月16日星期日下午3点27分
GET-----/users/backend/list?id=-----未登录,请重新登录----2024年6月16日星期日下午3点28分
GET-----/users/backend/list?id=-----未登录,请重新登录----2024年6月16日星期日下午3点28分
GET-----/users/backend/list?id=-----未登录,请重新登录----2024年6月16日星期日下午3点28分
GET-----/users/backend/list?id=-----未登录,请重新登录----2024年6月16日星期日下午3点28分
GET-----/users/backend/list?id=-----未登录,请重新登录----2024年6月16日星期日下午3点28分
GET-----/users/backend/list?id=-----未登录,请重新登录----2024年6月16日星期日下午3点28分
GET-----/users/backend/list?id=-----未登录,请重新登录----2024年6月16日星期日下午3点29分
GET-----/users/backend/list?id=-----未登录,请重新登录----2024年6月16日星期日下午3点29分
GET-----/users/backend/list?id=-----未登录,请重新登录----2024年6月16日星期日下午3点29分
GET-----/users/backend/list?id=-----未登录,请重新登录----2024年6月16日星期日下午3点29分
GET-----/users/backend/list?id=-----未登录,请重新登录----2024年6月16日星期日下午3点29分
GET-----/users/backend/list?id=-----未登录,请重新登录----2024年6月16日星期日下午3点29分
GET-----/users/backend/list?id=-----未登录,请重新登录----2024年6月16日星期日下午3点29分
GET-----/users/backend/list?id=-----未登录,请重新登录----2024年6月16日星期日下午3点29分
GET-----/users/backend/list?id=-----未登录,请重新登录----2024年6月16日星期日下午3点29分
GET-----/users/backend/list?id=-----未登录,请重新登录----2024年6月16日星期日下午3点29分
GET-----/users/backend/list?id=-----未登录,请重新登录----2024年6月16日星期日下午3点30分
GET-----/users/backend/list?id=-----未登录,请重新登录----2024年6月16日星期日下午3点30分
GET-----/users/backend/list?id=-----未登录,请重新登录----2024年6月16日星期日下午3点30分
GET-----/users/backend/list?id=-----未登录,请重新登录----2024年6月16日星期日下午3点30分
GET-----/users/backend/list?id=-----未登录,请重新登录----2024年6月16日星期日下午3点30分
GET-----/users/backend/list?id=-----未登录,请重新登录----2024年6月16日星期日下午3点30分
GET-----/users/backend/list?id=-----未登录,请重新登录----2024年6月16日星期日下午3点30分
GET-----/users/backend/list?id=-----未登录,请重新登录----2024年6月16日星期日下午3点30分
GET-----/users/backend/list?id=-----未登录,请重新登录----2024年6月16日星期日下午3点30分
GET-----/users/backend/list?id=-----未登录,请重新登录----2024年6月16日星期日下午3点30分
GET-----/users/backend/list?id=-----未登录,请重新登录----2024年6月16日星期日下午3点30分
GET-----/users/backend/list?id=-----未登录,请重新登录----2024年6月16日星期日下午3点31分
GET-----/users/backend/list?id=-----未登录,请重新登录----2024年6月16日星期日下午3点31分
GET-----/users/backend/list?id=-----未登录,请重新登录----2024年6月16日星期日下午3点31分
POST-----/users/backend/flag-----未登录,请重新登录----2024年6月16日星期日下午3点32分
GET-----/users/backend/list?id=-----未登录,请重新登录----2024年6月16日星期日下午3点32分
POST-----/users/backend/flag-----未登录,请重新登录----2024年6月16日星期日下午3点32分
POST-----/users/backend/flag-----未登录,请重新登录----2024年6月16日星期日下午3点32分
POST-----/users/backend/flag-----未登录,请重新登录----2024年6月16日星期日下午3点33分
POST-----/users/backend/flag-----未登录,请重新登录----2024年6月16日星期日下午3点34分
GET-----/users/backend/list?id=-----未登录,请重新登录----2024年6月16日星期日下午3点34分
POST-----/users/backend/flag-----未登录,请重新登录----2024年6月16日星期日下午3点34分
POST-----/users/backend/flag-----未登录,请重新登录----2024年6月16日星期日下午3点36分
POST-----/users/backend/reset-----未登录,请重新登录----2024年6月16日星期日下午3点36分
POST-----/users/backend/del-----未登录,请重新登录----2024年6月16日星期日下午3点36分
GET-----/users/backend/list?id=-----未登录,请重新登录----2024年6月16日星期日下午3点37分
GET-----/users/backend/list?id=-----未登录,请重新登录----2024年6月16日星期日下午3点39分
GET-----/users/backend/list?id=-----未登录,请重新登录----2024年6月16日星期日下午3点44分
GET-----/users/backend/list?id=-----未登录,请重新登录----2024年6月16日星期日下午3点44分
POST-----/carousel/backend/remove-----未登录,请重新登录----2024年6月16日星期日下午3点59分
GET-----/users/backend/logout?id=-----参数id必须传递----2024年6月16日星期日下午3点59分
POST-----/carousel/backend/remove-----未登录,请重新登录----2024年6月16日星期日下午3点59分
POST-----/carousel/backend/remove-----未登录,请重新登录----2024年6月16日星期日下午4点01分
POST-----/users/backend/flag-----未登录,请重新登录----2024年6月16日星期日下午4点01分
GET-----/users/backend/logout?id=-----参数id必须传递----2024年6月16日星期日下午5点06分
POST-----/carousel/backend/add-----未登录,请重新登录----2024年6月16日星期日下午5点06分
POST-----/carousel/backend/add-----未登录,请重新登录----2024年6月16日星期日下午5点07分
POST-----/carousel/backend/add-----未登录,请重新登录----2024年6月16日星期日下午5点10分
POST-----/users/backend/flag-----未登录,请重新登录----2024年6月16日星期日下午5点10分
POST-----/users/backend/flag-----未登录,请重新登录----2024年6月16日星期日下午5点14分
POST-----/users/backend/reset-----未登录,请重新登录----2024年6月16日星期日下午5点14分
POST-----/carousel/backend/remove-----未登录,请重新登录----2024年6月16日星期日下午5点14分
POST-----/users/backend/reset-----未登录,请重新登录----2024年6月16日星期日下午5点16分
GET-----/users/backend/list?id=-----未登录,请重新登录----2024年6月16日星期日下午5点16分
GET-----/users/backend/list?id=-----未登录,请重新登录----2024年6月16日星期日下午5点18分
GET-----/users/backend/list?id=-----未登录,请重新登录----2024年6月16日星期日下午5点18分
GET-----/users/backend/list?id=-----未登录,请重新登录----2024年6月16日星期日下午5点18分
GET-----/users/backend/logout?id=-----参数id必须传递----2024年6月16日星期日下午5点18分
POST-----/carousel/backend/add-----未登录,请重新登录----2024年6月16日星期日下午5点22分
POST-----/carousel/backend/add-----未登录,请重新登录----2024年6月16日星期日下午5点23分
POST-----/carousel/backend/add-----未登录,请重新登录----2024年6月16日星期日下午5点23分
POST-----/carousel/backend/add-----未登录,请重新登录----2024年6月16日星期日下午5点35分
GET-----/users/info?id=1-----token校验失败----2024年6月16日星期日下午5点50分
GET-----/users/info?id=1-----token校验失败----2024年6月16日星期日下午5点51分
POST-----/users/backend/login-----参数password格式错误----2024年6月16日星期日下午5点59分
POST-----/carousel/backend/add-----未登录,请重新登录----2024年6月16日星期日晚上7点40分
POST-----/carousel/backend/add-----未登录,请重新登录----2024年6月16日星期日晚上8点03分
POST-----/carousel/backend/add-----未登录,请重新登录----2024年6月16日星期日晚上8点04分
POST-----/carousel/backend/add-----未登录,请重新登录----2024年6月16日星期日晚上8点04分
POST-----/carousel/backend/add-----未登录,请重新登录----2024年6月16日星期日晚上8点04分
POST-----/carousel/backend/add-----未登录,请重新登录----2024年6月16日星期日晚上8点05分
GET-----/users/info?id=1717484814115412e1a-----token校验失败----2024年6月16日星期日晚上8点13分
GET-----/users/info?id=1717484814115412e1a-----token校验失败----2024年6月16日星期日晚上8点13分
GET-----/users/info?id=1717484814115412e1a-----token校验失败----2024年6月16日星期日晚上8点16分
GET-----/users/info?id=1717484814115412e1a-----token校验失败----2024年6月16日星期日晚上8点16分
GET-----/users/backend/list?id=1-----token校验失败,没有权限----2024年6月16日星期日晚上11点02分
GET-----/users/backend/list?id=1-----token校验失败,没有权限----2024年6月16日星期日晚上11点02分
GET-----/users/backend/list?id=1-----token校验失败,没有权限----2024年6月16日星期日晚上11点02分
GET-----/users/backend/list?id=1-----token校验失败,没有权限----2024年6月16日星期日晚上11点03分
GET-----/users/backend/logout?id=1-----token校验失败,没有权限----2024年6月16日星期日晚上11点03分
GET-----/users/backend/list?id=1-----token校验失败,没有权限----2024年6月16日星期日晚上11点03分
GET-----/users/backend/list?id=1-----token校验失败,没有权限----2024年6月17日星期一晚上10点55分
GET-----/users/backend/list?id=1-----token校验失败,没有权限----2024年6月17日星期一晚上10点56分
GET-----/users/backend/list?id=1-----token校验失败,没有权限----2024年6月17日星期一晚上10点56分
GET-----/users/backend/list?id=1-----token校验失败,没有权限----2024年6月17日星期一晚上10点56分
POST-----/users/backend/login-----参数password格式错误----2024年6月17日星期一晚上11点00分
POST-----/users/register-----两次密码不一致----2024年6月21日星期五上午11点08分
POST-----/users/register-----两次密码不一致----2024年6月21日星期五上午11点11分
POST-----/users/register-----两次密码不一致----2024年6月21日星期五上午11点11分
POST-----/users/register-----两次密码不一致----2024年6月21日星期五上午11点13分
POST-----/users/register-----两次密码不一致----2024年6月21日星期五上午11点18分
POST-----/users/register-----用户名已存在,请修改重试----2024年6月21日星期五晚上6点01分
